<?xml version="1.0" encoding="UTF-8"?>
<!-- Generated by org.testng.reporters.JUnitXMLReporter -->
<testsuite hostname="DESKTOP-VG7FOF4" ignored="9" name="parallelClass-Test" tests="2" failures="1" timestamp="2023-03-09T07:31:31 IST" time="75.391" errors="0">
  <testcase name="verifyLoginValidUserValidPassword" time="33.38" classname="com.sampleProject.Scripts.LoginTest">
    <failure type="org.openqa.selenium.NoSuchElementException" message="no such element: Unable to locate element: {&amp;quot;method&amp;quot;:&amp;quot;xpath&amp;quot;,&amp;quot;selector&amp;quot;:&amp;quot;//input[@name=&amp;apos;userName&amp;apos;]&amp;quot;}
  (Session info: MicrosoftEdge=110.0.1587.63)
For documentation on this error, please visit: https://selenium.dev/exceptions/#no_such_element
Build info: version: &amp;apos;4.4.0&amp;apos;, revision: &amp;apos;e5c75ed026a&amp;apos;
System info: host: &amp;apos;DESKTOP-VG7FOF4&amp;apos;, ip: &amp;apos;192.168.18.4&amp;apos;, os.name: &amp;apos;Windows 10&amp;apos;, os.arch: &amp;apos;amd64&amp;apos;, os.version: &amp;apos;10.0&amp;apos;, java.version: &amp;apos;1.8.0_202&amp;apos;
Driver info: org.openqa.selenium.edge.EdgeDriver
Command: [3a17101434dd3e2f52d964b8b8b12ccc, findElement {using=xpath, value=//input[@name=&amp;apos;userName&amp;apos;]}]
Capabilities {acceptInsecureCerts: false, browserName: msedge, browserVersion: 110.0.1587.63, ms:edgeOptions: {debuggerAddress: localhost:4990}, msedge: {msedgedriverVersion: 110.0.1587.63 (b26c9b8fc01e..., userDataDir: C:\Users\ASUS\AppData\Local...}, networkConnectionEnabled: false, pageLoadStrategy: normal, platformName: WINDOWS, proxy: Proxy(), se:cdp: ws://localhost:4990/devtool..., se:cdpVersion: 110.0.1587.63, setWindowRect: true, strictFileInteractability: false, timeouts: {implicit: 0, pageLoad: 300000, script: 30000}, unhandledPromptBehavior: dismiss and notify, webauthn:extension:credBlob: true, webauthn:extension:largeBlob: true, webauthn:virtualAuthenticators: true}
Session ID: 3a17101434dd3e2f52d964b8b8b12ccc">
      <![CDATA[org.openqa.selenium.NoSuchElementException: no such element: Unable to locate element: {"method":"xpath","selector":"//input[@name='userName']"}
  (Session info: MicrosoftEdge=110.0.1587.63)
For documentation on this error, please visit: https://selenium.dev/exceptions/#no_such_element
Build info: version: '4.4.0', revision: 'e5c75ed026a'
System info: host: 'DESKTOP-VG7FOF4', ip: '192.168.18.4', os.name: 'Windows 10', os.arch: 'amd64', os.version: '10.0', java.version: '1.8.0_202'
Driver info: org.openqa.selenium.edge.EdgeDriver
Command: [3a17101434dd3e2f52d964b8b8b12ccc, findElement {using=xpath, value=//input[@name='userName']}]
Capabilities {acceptInsecureCerts: false, browserName: msedge, browserVersion: 110.0.1587.63, ms:edgeOptions: {debuggerAddress: localhost:4990}, msedge: {msedgedriverVersion: 110.0.1587.63 (b26c9b8fc01e..., userDataDir: C:\Users\ASUS\AppData\Local...}, networkConnectionEnabled: false, pageLoadStrategy: normal, platformName: WINDOWS, proxy: Proxy(), se:cdp: ws://localhost:4990/devtool..., se:cdpVersion: 110.0.1587.63, setWindowRect: true, strictFileInteractability: false, timeouts: {implicit: 0, pageLoad: 300000, script: 30000}, unhandledPromptBehavior: dismiss and notify, webauthn:extension:credBlob: true, webauthn:extension:largeBlob: true, webauthn:virtualAuthenticators: true}
Session ID: 3a17101434dd3e2f52d964b8b8b12ccc
at org.openqa.selenium.remote.codec.w3c.W3CHttpResponseCodec.createException(W3CHttpResponseCodec.java:200)
at org.openqa.selenium.remote.codec.w3c.W3CHttpResponseCodec.decode(W3CHttpResponseCodec.java:133)
at org.openqa.selenium.remote.codec.w3c.W3CHttpResponseCodec.decode(W3CHttpResponseCodec.java:53)
at org.openqa.selenium.remote.HttpCommandExecutor.execute(HttpCommandExecutor.java:184)
at org.openqa.selenium.remote.service.DriverCommandExecutor.invokeExecute(DriverCommandExecutor.java:167)
at org.openqa.selenium.remote.service.DriverCommandExecutor.execute(DriverCommandExecutor.java:142)
at org.openqa.selenium.remote.RemoteWebDriver.execute(RemoteWebDriver.java:547)
at org.openqa.selenium.remote.ElementLocation$ElementFinder$2.findElement(ElementLocation.java:162)
at org.openqa.selenium.remote.ElementLocation.findElement(ElementLocation.java:60)
at org.openqa.selenium.remote.RemoteWebDriver.findElement(RemoteWebDriver.java:365)
at org.openqa.selenium.remote.RemoteWebDriver.findElement(RemoteWebDriver.java:357)
at org.openqa.selenium.support.pagefactory.DefaultElementLocator.findElement(DefaultElementLocator.java:70)
at org.openqa.selenium.support.pagefactory.internal.LocatingElementHandler.invoke(LocatingElementHandler.java:39)
at com.sun.proxy.$Proxy16.sendKeys(Unknown Source)
at com.sampleProject.pages.LoginPage.setUsername(LoginPage.java:25)
at com.sampleProject.Scripts.LoginTest.verifyLoginValidUserValidPassword(LoginTest.java:55)
at java.util.concurrent.ThreadPoolExecutor.runWorker(ThreadPoolExecutor.java:1149)
at java.util.concurrent.ThreadPoolExecutor$Worker.run(ThreadPoolExecutor.java:624)
at java.lang.Thread.run(Thread.java:748)
... Removed 16 stack frames]]>
    </failure>
  </testcase> <!-- verifyLoginValidUserValidPassword -->
  <testcase name="verifyLoadingFlightsPage" time="33.442" classname="com.sampleProject.Scripts.FlightTest"/>
  <testcase name="verifyLoginInvalidUserValidPassword" time="0.0" classname="com.sampleProject.Scripts.LoginTest">
    <ignored/>
  </testcase> <!-- verifyLoginInvalidUserValidPassword -->
  <testcase name="verifyTheSelectedNumberOfPassengers" time="0.0" classname="com.sampleProject.Scripts.FlightTest">
    <ignored/>
  </testcase> <!-- verifyTheSelectedNumberOfPassengers -->
  <testcase name="testBase" time="0.0" classname="com.sampleProject.Base.TestBase">
    <ignored/>
  </testcase> <!-- testBase -->
  <testcase name="testBase" time="0.0" classname="com.sampleProject.Base.TestBase">
    <ignored/>
  </testcase> <!-- testBase -->
  <testcase name="verifyTheDepartFrom" time="0.0" classname="com.sampleProject.Scripts.FlightTest">
    <ignored/>
  </testcase> <!-- verifyTheDepartFrom -->
  <testcase name="verifyLoginInvalidUserInvalidPassword" time="0.0" classname="com.sampleProject.Scripts.LoginTest">
    <ignored/>
  </testcase> <!-- verifyLoginInvalidUserInvalidPassword -->
  <testcase name="@AfterTest afterTest" time="0.0" classname="com.sampleProject.Base.TestBase">
    <ignored/>
  </testcase> <!-- @AfterTest afterTest -->
  <testcase name="verifyLoginValidUserInvalidPassword" time="0.0" classname="com.sampleProject.Scripts.LoginTest">
    <ignored/>
  </testcase> <!-- verifyLoginValidUserInvalidPassword -->
  <testcase name="@BeforeTest beforeTest" time="0.0" classname="com.sampleProject.Base.TestBase">
    <ignored/>
  </testcase> <!-- @BeforeTest beforeTest -->
</testsuite> <!-- parallelClass-Test -->
